# JRE version: Java(TM) SE Runtime Environment (8.0_05-b13) (build 1.8.0_05-b13)
# Java VM: Java HotSpot(TM) 64-Bit Server VM (25.5-b02 mixed mode windows-amd64 compressed oops)
Heap:
 PSYoungGen      total 18432K, used 6535K [0x0000000780300000, 0x0000000782200000, 0x00000007c0000000)
  eden space 16384K, 28% used [0x0000000780300000,0x00000007807968d0,0x0000000781300000)
  from space 2048K, 89% used [0x0000000781300000,0x00000007814cb440,0x0000000781500000)
  to   space 2560K, 0% used [0x0000000781f80000,0x0000000781f80000,0x0000000782200000)
 ParOldGen       total 195072K, used 18759K [0x0000000700800000, 0x000000070c680000, 0x0000000780300000)
  object space 195072K, 9% used [0x0000000700800000,0x0000000701a51f30,0x000000070c680000)
 Metaspace       used 18529K, capacity 18680K, committed 19072K, reserved 1064960K
  class space    used 2587K, capacity 2631K, committed 2688K, reserved 1048576K
GC Heap History (10 events):
Event: 0.490 GC heap before
{Heap before GC invocations=11 (full 0):
 PSYoungGen      total 7168K, used 7168K [0x0000000780300000, 0x0000000780c80000, 0x00000007c0000000)
  eden space 6144K, 100% used [0x0000000780300000,0x0000000780900000,0x0000000780900000)
  from space 1024K, 100% used [0x0000000780a80000,0x0000000780b80000,0x0000000780b80000)
  to   space 1536K, 0% used [0x0000000780900000,0x0000000780900000,0x0000000780a80000)
 ParOldGen       total 195072K, used 1597K [0x0000000700800000, 0x000000070c680000, 0x0000000780300000)
  object space 195072K, 0% used [0x0000000700800000,0x000000070098f458,0x000000070c680000)
 Metaspace       used 8817K, capacity 8918K, committed 9088K, reserved 1056768K
  class space    used 1096K, capacity 1115K, committed 1152K, reserved 1048576K
Event: 0.492 GC heap after
Heap after GC invocations=11 (full 0):
 PSYoungGen      total 7680K, used 672K [0x0000000780300000, 0x0000000781000000, 0x00000007c0000000)
  eden space 6144K, 0% used [0x0000000780300000,0x0000000780300000,0x0000000780900000)
  from space 1536K, 43% used [0x0000000780900000,0x00000007809a8000,0x0000000780a80000)
  to   space 1536K, 0% used [0x0000000780e80000,0x0000000780e80000,0x0000000781000000)
 ParOldGen       total 195072K, used 2510K [0x0000000700800000, 0x000000070c680000, 0x0000000780300000)
  object space 195072K, 1% used [0x0000000700800000,0x0000000700a73aa8,0x000000070c680000)
 Metaspace       used 8817K, capacity 8918K, committed 9088K, reserved 1056768K
  class space    used 1096K, capacity 1115K, committed 1152K, reserved 1048576K
}
Event: 1.603 GC heap before
{Heap before GC invocations=12 (full 0):
 PSYoungGen      total 7680K, used 6816K [0x0000000780300000, 0x0000000781000000, 0x00000007c0000000)
  eden space 6144K, 100% used [0x0000000780300000,0x0000000780900000,0x0000000780900000)
  from space 1536K, 43% used [0x0000000780900000,0x00000007809a8000,0x0000000780a80000)
  to   space 1536K, 0% used [0x0000000780e80000,0x0000000780e80000,0x0000000781000000)
 ParOldGen       total 195072K, used 2510K [0x0000000700800000, 0x000000070c680000, 0x0000000780300000)
  object space 195072K, 1% used [0x0000000700800000,0x0000000700a73aa8,0x000000070c680000)
 Metaspace       used 11317K, capacity 11420K, committed 11520K, reserved 1058816K
  class space    used 1413K, capacity 1437K, committed 1536K, reserved 1048576K
Event: 1.605 GC heap after
Heap after GC invocations=12 (full 0):
 PSYoungGen      total 11776K, used 1258K [0x0000000780300000, 0x0000000781000000, 0x00000007c0000000)
  eden space 10240K, 0% used [0x0000000780300000,0x0000000780300000,0x0000000780d00000)
  from space 1536K, 81% used [0x0000000780e80000,0x0000000780fbaa30,0x0000000781000000)
  to   space 1536K, 0% used [0x0000000780d00000,0x0000000780d00000,0x0000000780e80000)
 ParOldGen       total 195072K, used 2714K [0x0000000700800000, 0x000000070c680000, 0x0000000780300000)
  object space 195072K, 1% used [0x0000000700800000,0x0000000700aa6af8,0x000000070c680000)
 Metaspace       used 11317K, capacity 11420K, committed 11520K, reserved 1058816K
  class space    used 1413K, capacity 1437K, committed 1536K, reserved 1048576K
}
Event: 2.012 GC heap before
{Heap before GC invocations=13 (full 0):
 PSYoungGen      total 11776K, used 11498K [0x0000000780300000, 0x0000000781000000, 0x00000007c0000000)
  eden space 10240K, 100% used [0x0000000780300000,0x0000000780d00000,0x0000000780d00000)
  from space 1536K, 81% used [0x0000000780e80000,0x0000000780fbaa30,0x0000000781000000)
  to   space 1536K, 0% used [0x0000000780d00000,0x0000000780d00000,0x0000000780e80000)
 ParOldGen       total 195072K, used 2714K [0x0000000700800000, 0x000000070c680000, 0x0000000780300000)
  object space 195072K, 1% used [0x0000000700800000,0x0000000700aa6af8,0x000000070c680000)
 Metaspace       used 14673K, capacity 14830K, committed 15104K, reserved 1062912K
  class space    used 1961K, capacity 2016K, committed 2048K, reserved 1048576K
Event: 2.016 GC heap after
Heap after GC invocations=13 (full 0):
 PSYoungGen      total 11776K, used 1511K [0x0000000780300000, 0x0000000781700000, 0x00000007c0000000)
  eden space 10240K, 0% used [0x0000000780300000,0x0000000780300000,0x0000000780d00000)
  from space 1536K, 98% used [0x0000000780d00000,0x0000000780e79e30,0x0000000780e80000)
  to   space 2048K, 0% used [0x0000000781500000,0x0000000781500000,0x0000000781700000)
 ParOldGen       total 195072K, used 3421K [0x0000000700800000, 0x000000070c680000, 0x0000000780300000)
  object space 195072K, 1% used [0x0000000700800000,0x0000000700b57410,0x000000070c680000)
 Metaspace       used 14673K, capacity 14830K, committed 15104K, reserved 1062912K
  class space    used 1961K, capacity 2016K, committed 2048K, reserved 1048576K
}
Event: 2.125 GC heap before
{Heap before GC invocations=14 (full 0):
 PSYoungGen      total 11776K, used 11751K [0x0000000780300000, 0x0000000781700000, 0x00000007c0000000)
  eden space 10240K, 100% used [0x0000000780300000,0x0000000780d00000,0x0000000780d00000)
  from space 1536K, 98% used [0x0000000780d00000,0x0000000780e79e30,0x0000000780e80000)
  to   space 2048K, 0% used [0x0000000781500000,0x0000000781500000,0x0000000781700000)
 ParOldGen       total 195072K, used 3421K [0x0000000700800000, 0x000000070c680000, 0x0000000780300000)
  object space 195072K, 1% used [0x0000000700800000,0x0000000700b57410,0x000000070c680000)
 Metaspace       used 15462K, capacity 15616K, committed 15744K, reserved 1062912K
  class space    used 2096K, capacity 2147K, committed 2176K, reserved 1048576K
Event: 2.134 GC heap after
Heap after GC invocations=14 (full 0):
 PSYoungGen      total 18432K, used 1743K [0x0000000780300000, 0x0000000781700000, 0x00000007c0000000)
  eden space 16384K, 0% used [0x0000000780300000,0x0000000780300000,0x0000000781300000)
  from space 2048K, 85% used [0x0000000781500000,0x00000007816b3db0,0x0000000781700000)
  to   space 2048K, 0% used [0x0000000781300000,0x0000000781300000,0x0000000781500000)
 ParOldGen       total 195072K, used 18046K [0x0000000700800000, 0x000000070c680000, 0x0000000780300000)
  object space 195072K, 9% used [0x0000000700800000,0x000000070199f888,0x000000070c680000)
 Metaspace       used 15462K, capacity 15616K, committed 15744K, reserved 1062912K
  class space    used 2096K, capacity 2147K, committed 2176K, reserved 1048576K
}
Event: 2.252 GC heap before
{Heap before GC invocations=15 (full 0):
 PSYoungGen      total 18432K, used 18127K [0x0000000780300000, 0x0000000781700000, 0x00000007c0000000)
  eden space 16384K, 100% used [0x0000000780300000,0x0000000781300000,0x0000000781300000)
  from space 2048K, 85% used [0x0000000781500000,0x00000007816b3db0,0x0000000781700000)
  to   space 2048K, 0% used [0x0000000781300000,0x0000000781300000,0x0000000781500000)
 ParOldGen       total 195072K, used 18046K [0x0000000700800000, 0x000000070c680000, 0x0000000780300000)
  object space 195072K, 9% used [0x0000000700800000,0x000000070199f888,0x000000070c680000)
 Metaspace       used 17568K, capacity 17676K, committed 17920K, reserved 1064960K
  class space    used 2447K, capacity 2469K, committed 2560K, reserved 1048576K
Event: 2.256 GC heap after
Heap after GC invocations=15 (full 0):
 PSYoungGen      total 18432K, used 1837K [0x0000000780300000, 0x0000000782200000, 0x00000007c0000000)
  eden space 16384K, 0% used [0x0000000780300000,0x0000000780300000,0x0000000781300000)
  from space 2048K, 89% used [0x0000000781300000,0x00000007814cb440,0x0000000781500000)
  to   space 2560K, 0% used [0x0000000781f80000,0x0000000781f80000,0x0000000782200000)
 ParOldGen       total 195072K, used 18759K [0x0000000700800000, 0x000000070c680000, 0x0000000780300000)
  object space 195072K, 9% used [0x0000000700800000,0x0000000701a51f30,0x000000070c680000)
 Metaspace       used 17568K, capacity 17676K, committed 17920K, reserved 1064960K
  class space    used 2447K, capacity 2469K, committed 2560K, reserved 1048576K
}

