# JRE version: Java(TM) SE Runtime Environment (8.0_05-b13) (build 1.8.0_05-b13)
# Java VM: Java HotSpot(TM) 64-Bit Server VM (25.5-b02 mixed mode windows-amd64 compressed oops)
Heap:
 PSYoungGen      total 18432K, used 5679K [0x0000000780300000, 0x0000000782200000, 0x00000007c0000000)
  eden space 16384K, 23% used [0x0000000780300000,0x00000007806c1180,0x0000000781300000)
  from space 2048K, 89% used [0x0000000781300000,0x00000007814cac18,0x0000000781500000)
  to   space 2560K, 0% used [0x0000000781f80000,0x0000000781f80000,0x0000000782200000)
 ParOldGen       total 195072K, used 18791K [0x0000000700800000, 0x000000070c680000, 0x0000000780300000)
  object space 195072K, 9% used [0x0000000700800000,0x0000000701a59fd0,0x000000070c680000)
 Metaspace       used 18530K, capacity 18674K, committed 18816K, reserved 1064960K
  class space    used 2583K, capacity 2630K, committed 2688K, reserved 1048576K
GC Heap History (10 events):
Event: 0.397 GC heap before
{Heap before GC invocations=11 (full 0):
 PSYoungGen      total 7168K, used 7168K [0x0000000780300000, 0x0000000780c80000, 0x00000007c0000000)
  eden space 6144K, 100% used [0x0000000780300000,0x0000000780900000,0x0000000780900000)
  from space 1024K, 100% used [0x0000000780a80000,0x0000000780b80000,0x0000000780b80000)
  to   space 1536K, 0% used [0x0000000780900000,0x0000000780900000,0x0000000780a80000)
 ParOldGen       total 195072K, used 1608K [0x0000000700800000, 0x000000070c680000, 0x0000000780300000)
  object space 195072K, 0% used [0x0000000700800000,0x00000007009922b8,0x000000070c680000)
 Metaspace       used 8809K, capacity 8918K, committed 9088K, reserved 1056768K
  class space    used 1093K, capacity 1115K, committed 1152K, reserved 1048576K
Event: 0.398 GC heap after
Heap after GC invocations=11 (full 0):
 PSYoungGen      total 7680K, used 656K [0x0000000780300000, 0x0000000781000000, 0x00000007c0000000)
  eden space 6144K, 0% used [0x0000000780300000,0x0000000780300000,0x0000000780900000)
  from space 1536K, 42% used [0x0000000780900000,0x00000007809a4010,0x0000000780a80000)
  to   space 1536K, 0% used [0x0000000780e80000,0x0000000780e80000,0x0000000781000000)
 ParOldGen       total 195072K, used 2513K [0x0000000700800000, 0x000000070c680000, 0x0000000780300000)
  object space 195072K, 1% used [0x0000000700800000,0x0000000700a745f0,0x000000070c680000)
 Metaspace       used 8809K, capacity 8918K, committed 9088K, reserved 1056768K
  class space    used 1093K, capacity 1115K, committed 1152K, reserved 1048576K
}
Event: 1.101 GC heap before
{Heap before GC invocations=12 (full 0):
 PSYoungGen      total 7680K, used 6800K [0x0000000780300000, 0x0000000781000000, 0x00000007c0000000)
  eden space 6144K, 100% used [0x0000000780300000,0x0000000780900000,0x0000000780900000)
  from space 1536K, 42% used [0x0000000780900000,0x00000007809a4010,0x0000000780a80000)
  to   space 1536K, 0% used [0x0000000780e80000,0x0000000780e80000,0x0000000781000000)
 ParOldGen       total 195072K, used 2513K [0x0000000700800000, 0x000000070c680000, 0x0000000780300000)
  object space 195072K, 1% used [0x0000000700800000,0x0000000700a745f0,0x000000070c680000)
 Metaspace       used 11309K, capacity 11420K, committed 11520K, reserved 1058816K
  class space    used 1408K, capacity 1437K, committed 1536K, reserved 1048576K
Event: 1.103 GC heap after
Heap after GC invocations=12 (full 0):
 PSYoungGen      total 11776K, used 1208K [0x0000000780300000, 0x0000000781000000, 0x00000007c0000000)
  eden space 10240K, 0% used [0x0000000780300000,0x0000000780300000,0x0000000780d00000)
  from space 1536K, 78% used [0x0000000780e80000,0x0000000780fae368,0x0000000781000000)
  to   space 1536K, 0% used [0x0000000780d00000,0x0000000780d00000,0x0000000780e80000)
 ParOldGen       total 195072K, used 2725K [0x0000000700800000, 0x000000070c680000, 0x0000000780300000)
  object space 195072K, 1% used [0x0000000700800000,0x0000000700aa9640,0x000000070c680000)
 Metaspace       used 11309K, capacity 11420K, committed 11520K, reserved 1058816K
  class space    used 1408K, capacity 1437K, committed 1536K, reserved 1048576K
}
Event: 1.285 GC heap before
{Heap before GC invocations=13 (full 0):
 PSYoungGen      total 11776K, used 11448K [0x0000000780300000, 0x0000000781000000, 0x00000007c0000000)
  eden space 10240K, 100% used [0x0000000780300000,0x0000000780d00000,0x0000000780d00000)
  from space 1536K, 78% used [0x0000000780e80000,0x0000000780fae368,0x0000000781000000)
  to   space 1536K, 0% used [0x0000000780d00000,0x0000000780d00000,0x0000000780e80000)
 ParOldGen       total 195072K, used 2725K [0x0000000700800000, 0x000000070c680000, 0x0000000780300000)
  object space 195072K, 1% used [0x0000000700800000,0x0000000700aa9640,0x000000070c680000)
 Metaspace       used 14669K, capacity 14830K, committed 15104K, reserved 1062912K
  class space    used 1952K, capacity 2016K, committed 2048K, reserved 1048576K
Event: 1.287 GC heap after
Heap after GC invocations=13 (full 0):
 PSYoungGen      total 11776K, used 1526K [0x0000000780300000, 0x0000000781700000, 0x00000007c0000000)
  eden space 10240K, 0% used [0x0000000780300000,0x0000000780300000,0x0000000780d00000)
  from space 1536K, 99% used [0x0000000780d00000,0x0000000780e7db30,0x0000000780e80000)
  to   space 2048K, 0% used [0x0000000781500000,0x0000000781500000,0x0000000781700000)
 ParOldGen       total 195072K, used 3424K [0x0000000700800000, 0x000000070c680000, 0x0000000780300000)
  object space 195072K, 1% used [0x0000000700800000,0x0000000700b582b8,0x000000070c680000)
 Metaspace       used 14669K, capacity 14830K, committed 15104K, reserved 1062912K
  class space    used 1952K, capacity 2016K, committed 2048K, reserved 1048576K
}
Event: 1.393 GC heap before
{Heap before GC invocations=14 (full 0):
 PSYoungGen      total 11776K, used 11766K [0x0000000780300000, 0x0000000781700000, 0x00000007c0000000)
  eden space 10240K, 100% used [0x0000000780300000,0x0000000780d00000,0x0000000780d00000)
  from space 1536K, 99% used [0x0000000780d00000,0x0000000780e7db30,0x0000000780e80000)
  to   space 2048K, 0% used [0x0000000781500000,0x0000000781500000,0x0000000781700000)
 ParOldGen       total 195072K, used 3424K [0x0000000700800000, 0x000000070c680000, 0x0000000780300000)
  object space 195072K, 1% used [0x0000000700800000,0x0000000700b582b8,0x000000070c680000)
 Metaspace       used 15649K, capacity 15840K, committed 16128K, reserved 1062912K
  class space    used 2111K, capacity 2179K, committed 2304K, reserved 1048576K
Event: 1.398 GC heap after
Heap after GC invocations=14 (full 0):
 PSYoungGen      total 18432K, used 1807K [0x0000000780300000, 0x0000000781700000, 0x00000007c0000000)
  eden space 16384K, 0% used [0x0000000780300000,0x0000000780300000,0x0000000781300000)
  from space 2048K, 88% used [0x0000000781500000,0x00000007816c3db0,0x0000000781700000)
  to   space 2048K, 0% used [0x0000000781300000,0x0000000781300000,0x0000000781500000)
 ParOldGen       total 195072K, used 16018K [0x0000000700800000, 0x000000070c680000, 0x0000000780300000)
  object space 195072K, 8% used [0x0000000700800000,0x00000007017a4b58,0x000000070c680000)
 Metaspace       used 15649K, capacity 15840K, committed 16128K, reserved 1062912K
  class space    used 2111K, capacity 2179K, committed 2304K, reserved 1048576K
}
Event: 1.499 GC heap before
{Heap before GC invocations=15 (full 0):
 PSYoungGen      total 18432K, used 18191K [0x0000000780300000, 0x0000000781700000, 0x00000007c0000000)
  eden space 16384K, 100% used [0x0000000780300000,0x0000000781300000,0x0000000781300000)
  from space 2048K, 88% used [0x0000000781500000,0x00000007816c3db0,0x0000000781700000)
  to   space 2048K, 0% used [0x0000000781300000,0x0000000781300000,0x0000000781500000)
 ParOldGen       total 195072K, used 16018K [0x0000000700800000, 0x000000070c680000, 0x0000000780300000)
  object space 195072K, 8% used [0x0000000700800000,0x00000007017a4b58,0x000000070c680000)
 Metaspace       used 17647K, capacity 17772K, committed 17920K, reserved 1064960K
  class space    used 2466K, capacity 2501K, committed 2560K, reserved 1048576K
Event: 1.502 GC heap after
Heap after GC invocations=15 (full 0):
 PSYoungGen      total 18432K, used 1835K [0x0000000780300000, 0x0000000782200000, 0x00000007c0000000)
  eden space 16384K, 0% used [0x0000000780300000,0x0000000780300000,0x0000000781300000)
  from space 2048K, 89% used [0x0000000781300000,0x00000007814cac18,0x0000000781500000)
  to   space 2560K, 0% used [0x0000000781f80000,0x0000000781f80000,0x0000000782200000)
 ParOldGen       total 195072K, used 18791K [0x0000000700800000, 0x000000070c680000, 0x0000000780300000)
  object space 195072K, 9% used [0x0000000700800000,0x0000000701a59fd0,0x000000070c680000)
 Metaspace       used 17647K, capacity 17772K, committed 17920K, reserved 1064960K
  class space    used 2466K, capacity 2501K, committed 2560K, reserved 1048576K
}

