# JRE version: Java(TM) SE Runtime Environment (8.0_05-b13) (build 1.8.0_05-b13)
# Java VM: Java HotSpot(TM) 64-Bit Server VM (25.5-b02 mixed mode windows-amd64 compressed oops)
Heap:
 PSYoungGen      total 15360K, used 3682K [0x0000000780300000, 0x0000000781c00000, 0x00000007c0000000)
  eden space 13312K, 18% used [0x0000000780300000,0x0000000780568418,0x0000000781000000)
  from space 2048K, 59% used [0x0000000781000000,0x00000007811307b0,0x0000000781200000)
  to   space 2048K, 0% used [0x0000000781a00000,0x0000000781a00000,0x0000000781c00000)
 ParOldGen       total 195072K, used 3390K [0x0000000700800000, 0x000000070c680000, 0x0000000780300000)
  object space 195072K, 1% used [0x0000000700800000,0x0000000700b4fa40,0x000000070c680000)
 Metaspace       used 12440K, capacity 12578K, committed 12672K, reserved 1060864K
  class space    used 1580K, capacity 1630K, committed 1664K, reserved 1048576K
GC Heap History (10 events):
Event: 0.211 GC heap before
{Heap before GC invocations=7 (full 0):
 PSYoungGen      total 5120K, used 4873K [0x0000000780300000, 0x0000000780900000, 0x00000007c0000000)
  eden space 4096K, 100% used [0x0000000780300000,0x0000000780700000,0x0000000780700000)
  from space 1024K, 75% used [0x0000000780800000,0x00000007808c2530,0x0000000780900000)
  to   space 1024K, 0% used [0x0000000780700000,0x0000000780700000,0x0000000780800000)
 ParOldGen       total 195072K, used 908K [0x0000000700800000, 0x000000070c680000, 0x0000000780300000)
  object space 195072K, 0% used [0x0000000700800000,0x00000007008e3368,0x000000070c680000)
 Metaspace       used 4499K, capacity 5114K, committed 5248K, reserved 1056768K
  class space    used 529K, capacity 561K, committed 640K, reserved 1048576K
Event: 0.212 GC heap after
Heap after GC invocations=7 (full 0):
 PSYoungGen      total 5120K, used 915K [0x0000000780300000, 0x0000000780e00000, 0x00000007c0000000)
  eden space 4096K, 0% used [0x0000000780300000,0x0000000780300000,0x0000000780700000)
  from space 1024K, 89% used [0x0000000780700000,0x00000007807e4f20,0x0000000780800000)
  to   space 1536K, 0% used [0x0000000780c80000,0x0000000780c80000,0x0000000780e00000)
 ParOldGen       total 195072K, used 1073K [0x0000000700800000, 0x000000070c680000, 0x0000000780300000)
  object space 195072K, 0% used [0x0000000700800000,0x000000070090c460,0x000000070c680000)
 Metaspace       used 4499K, capacity 5114K, committed 5248K, reserved 1056768K
  class space    used 529K, capacity 561K, committed 640K, reserved 1048576K
}
Event: 0.309 GC heap before
{Heap before GC invocations=8 (full 0):
 PSYoungGen      total 5120K, used 5011K [0x0000000780300000, 0x0000000780e00000, 0x00000007c0000000)
  eden space 4096K, 100% used [0x0000000780300000,0x0000000780700000,0x0000000780700000)
  from space 1024K, 89% used [0x0000000780700000,0x00000007807e4f20,0x0000000780800000)
  to   space 1536K, 0% used [0x0000000780c80000,0x0000000780c80000,0x0000000780e00000)
 ParOldGen       total 195072K, used 1073K [0x0000000700800000, 0x000000070c680000, 0x0000000780300000)
  object space 195072K, 0% used [0x0000000700800000,0x000000070090c460,0x000000070c680000)
 Metaspace       used 8121K, capacity 8182K, committed 8192K, reserved 1056768K
  class space    used 996K, capacity 1019K, committed 1024K, reserved 1048576K
Event: 0.310 GC heap after
Heap after GC invocations=8 (full 0):
 PSYoungGen      total 9728K, used 1387K [0x0000000780300000, 0x0000000780e00000, 0x00000007c0000000)
  eden space 8192K, 0% used [0x0000000780300000,0x0000000780300000,0x0000000780b00000)
  from space 1536K, 90% used [0x0000000780c80000,0x0000000780ddaef8,0x0000000780e00000)
  to   space 1536K, 0% used [0x0000000780b00000,0x0000000780b00000,0x0000000780c80000)
 ParOldGen       total 195072K, used 1361K [0x0000000700800000, 0x000000070c680000, 0x0000000780300000)
  object space 195072K, 0% used [0x0000000700800000,0x0000000700954460,0x000000070c680000)
 Metaspace       used 8121K, capacity 8182K, committed 8192K, reserved 1056768K
  class space    used 996K, capacity 1019K, committed 1024K, reserved 1048576K
}
Event: 0.382 GC heap before
{Heap before GC invocations=9 (full 0):
 PSYoungGen      total 9728K, used 9579K [0x0000000780300000, 0x0000000780e00000, 0x00000007c0000000)
  eden space 8192K, 100% used [0x0000000780300000,0x0000000780b00000,0x0000000780b00000)
  from space 1536K, 90% used [0x0000000780c80000,0x0000000780ddaef8,0x0000000780e00000)
  to   space 1536K, 0% used [0x0000000780b00000,0x0000000780b00000,0x0000000780c80000)
 ParOldGen       total 195072K, used 1361K [0x0000000700800000, 0x000000070c680000, 0x0000000780300000)
  object space 195072K, 0% used [0x0000000700800000,0x0000000700954460,0x000000070c680000)
 Metaspace       used 9209K, capacity 9302K, committed 9472K, reserved 1056768K
  class space    used 1139K, capacity 1179K, committed 1280K, reserved 1048576K
Event: 0.384 GC heap after
Heap after GC invocations=9 (full 0):
 PSYoungGen      total 9728K, used 1504K [0x0000000780300000, 0x0000000781400000, 0x00000007c0000000)
  eden space 8192K, 0% used [0x0000000780300000,0x0000000780300000,0x0000000780b00000)
  from space 1536K, 97% used [0x0000000780b00000,0x0000000780c78020,0x0000000780c80000)
  to   space 2048K, 0% used [0x0000000781200000,0x0000000781200000,0x0000000781400000)
 ParOldGen       total 195072K, used 1867K [0x0000000700800000, 0x000000070c680000, 0x0000000780300000)
  object space 195072K, 0% used [0x0000000700800000,0x00000007009d2d30,0x000000070c680000)
 Metaspace       used 9209K, capacity 9302K, committed 9472K, reserved 1056768K
  class space    used 1139K, capacity 1179K, committed 1280K, reserved 1048576K
}
Event: 0.569 GC heap before
{Heap before GC invocations=10 (full 0):
 PSYoungGen      total 9728K, used 9696K [0x0000000780300000, 0x0000000781400000, 0x00000007c0000000)
  eden space 8192K, 100% used [0x0000000780300000,0x0000000780b00000,0x0000000780b00000)
  from space 1536K, 97% used [0x0000000780b00000,0x0000000780c78020,0x0000000780c80000)
  to   space 2048K, 0% used [0x0000000781200000,0x0000000781200000,0x0000000781400000)
 ParOldGen       total 195072K, used 1867K [0x0000000700800000, 0x000000070c680000, 0x0000000780300000)
  object space 195072K, 0% used [0x0000000700800000,0x00000007009d2d30,0x000000070c680000)
 Metaspace       used 10134K, capacity 10262K, committed 10368K, reserved 1058816K
  class space    used 1260K, capacity 1307K, committed 1408K, reserved 1048576K
Event: 0.571 GC heap after
Heap after GC invocations=10 (full 0):
 PSYoungGen      total 15360K, used 1205K [0x0000000780300000, 0x0000000781400000, 0x00000007c0000000)
  eden space 13312K, 0% used [0x0000000780300000,0x0000000780300000,0x0000000781000000)
  from space 2048K, 58% used [0x0000000781200000,0x000000078132d550,0x0000000781400000)
  to   space 2048K, 0% used [0x0000000781000000,0x0000000781000000,0x0000000781200000)
 ParOldGen       total 195072K, used 2753K [0x0000000700800000, 0x000000070c680000, 0x0000000780300000)
  object space 195072K, 1% used [0x0000000700800000,0x0000000700ab06a8,0x000000070c680000)
 Metaspace       used 10134K, capacity 10262K, committed 10368K, reserved 1058816K
  class space    used 1260K, capacity 1307K, committed 1408K, reserved 1048576K
}
Event: 0.770 GC heap before
{Heap before GC invocations=11 (full 0):
 PSYoungGen      total 15360K, used 14517K [0x0000000780300000, 0x0000000781400000, 0x00000007c0000000)
  eden space 13312K, 100% used [0x0000000780300000,0x0000000781000000,0x0000000781000000)
  from space 2048K, 58% used [0x0000000781200000,0x000000078132d550,0x0000000781400000)
  to   space 2048K, 0% used [0x0000000781000000,0x0000000781000000,0x0000000781200000)
 ParOldGen       total 195072K, used 2753K [0x0000000700800000, 0x000000070c680000, 0x0000000780300000)
  object space 195072K, 1% used [0x0000000700800000,0x0000000700ab06a8,0x000000070c680000)
 Metaspace       used 12064K, capacity 12194K, committed 12416K, reserved 1060864K
  class space    used 1540K, capacity 1566K, committed 1664K, reserved 1048576K
Event: 0.772 GC heap after
Heap after GC invocations=11 (full 0):
 PSYoungGen      total 15360K, used 1217K [0x0000000780300000, 0x0000000781c00000, 0x00000007c0000000)
  eden space 13312K, 0% used [0x0000000780300000,0x0000000780300000,0x0000000781000000)
  from space 2048K, 59% used [0x0000000781000000,0x00000007811307b0,0x0000000781200000)
  to   space 2048K, 0% used [0x0000000781a00000,0x0000000781a00000,0x0000000781c00000)
 ParOldGen       total 195072K, used 3390K [0x0000000700800000, 0x000000070c680000, 0x0000000780300000)
  object space 195072K, 1% used [0x0000000700800000,0x0000000700b4fa40,0x000000070c680000)
 Metaspace       used 12064K, capacity 12194K, committed 12416K, reserved 1060864K
  class space    used 1540K, capacity 1566K, committed 1664K, reserved 1048576K
}

