# JRE version: Java(TM) SE Runtime Environment (8.0_05-b13) (build 1.8.0_05-b13)
# Java VM: Java HotSpot(TM) 64-Bit Server VM (25.5-b02 mixed mode windows-amd64 compressed oops)
Heap:
 PSYoungGen      total 18944K, used 2476K [0x0000000780300000, 0x0000000781f80000, 0x00000007c0000000)
  eden space 16384K, 1% used [0x0000000780300000,0x0000000780335f98,0x0000000781300000)
  from space 2560K, 88% used [0x0000000781300000,0x00000007815353e0,0x0000000781580000)
  to   space 3072K, 0% used [0x0000000781c80000,0x0000000781c80000,0x0000000781f80000)
 ParOldGen       total 195072K, used 18538K [0x0000000700800000, 0x000000070c680000, 0x0000000780300000)
  object space 195072K, 9% used [0x0000000700800000,0x0000000701a1aa10,0x000000070c680000)
 Metaspace       used 18373K, capacity 18552K, committed 18816K, reserved 1064960K
  class space    used 2564K, capacity 2631K, committed 2688K, reserved 1048576K
GC Heap History (10 events):
Event: 1.735 GC heap before
{Heap before GC invocations=12 (full 0):
 PSYoungGen      total 4608K, used 4451K [0x0000000780300000, 0x0000000780b00000, 0x00000007c0000000)
  eden space 3584K, 100% used [0x0000000780300000,0x0000000780680000,0x0000000780680000)
  from space 1024K, 84% used [0x0000000780680000,0x0000000780758f10,0x0000000780780000)
  to   space 1024K, 0% used [0x0000000780a00000,0x0000000780a00000,0x0000000780b00000)
 ParOldGen       total 195072K, used 1767K [0x0000000700800000, 0x000000070c680000, 0x0000000780300000)
  object space 195072K, 0% used [0x0000000700800000,0x00000007009b9ed8,0x000000070c680000)
 Metaspace       used 8389K, capacity 8502K, committed 8576K, reserved 1056768K
  class space    used 1033K, capacity 1083K, committed 1152K, reserved 1048576K
Event: 1.736 GC heap after
Heap after GC invocations=12 (full 0):
 PSYoungGen      total 7168K, used 455K [0x0000000780300000, 0x0000000780b00000, 0x00000007c0000000)
  eden space 6144K, 0% used [0x0000000780300000,0x0000000780300000,0x0000000780900000)
  from space 1024K, 44% used [0x0000000780a00000,0x0000000780a71fe8,0x0000000780b00000)
  to   space 1024K, 0% used [0x0000000780900000,0x0000000780900000,0x0000000780a00000)
 ParOldGen       total 195072K, used 2411K [0x0000000700800000, 0x000000070c680000, 0x0000000780300000)
  object space 195072K, 1% used [0x0000000700800000,0x0000000700a5aee8,0x000000070c680000)
 Metaspace       used 8389K, capacity 8502K, committed 8576K, reserved 1056768K
  class space    used 1033K, capacity 1083K, committed 1152K, reserved 1048576K
}
Event: 1.826 GC heap before
{Heap before GC invocations=13 (full 0):
 PSYoungGen      total 7168K, used 6599K [0x0000000780300000, 0x0000000780b00000, 0x00000007c0000000)
  eden space 6144K, 100% used [0x0000000780300000,0x0000000780900000,0x0000000780900000)
  from space 1024K, 44% used [0x0000000780a00000,0x0000000780a71fe8,0x0000000780b00000)
  to   space 1024K, 0% used [0x0000000780900000,0x0000000780900000,0x0000000780a00000)
 ParOldGen       total 195072K, used 2411K [0x0000000700800000, 0x000000070c680000, 0x0000000780300000)
  object space 195072K, 1% used [0x0000000700800000,0x0000000700a5aee8,0x000000070c680000)
 Metaspace       used 9590K, capacity 9718K, committed 9984K, reserved 1058816K
  class space    used 1182K, capacity 1211K, committed 1280K, reserved 1048576K
Event: 1.827 GC heap after
Heap after GC invocations=13 (full 0):
 PSYoungGen      total 7168K, used 955K [0x0000000780300000, 0x0000000781000000, 0x00000007c0000000)
  eden space 6144K, 0% used [0x0000000780300000,0x0000000780300000,0x0000000780900000)
  from space 1024K, 93% used [0x0000000780900000,0x00000007809eed18,0x0000000780a00000)
  to   space 1536K, 0% used [0x0000000780e80000,0x0000000780e80000,0x0000000781000000)
 ParOldGen       total 195072K, used 2555K [0x0000000700800000, 0x000000070c680000, 0x0000000780300000)
  object space 195072K, 1% used [0x0000000700800000,0x0000000700a7eee8,0x000000070c680000)
 Metaspace       used 9590K, capacity 9718K, committed 9984K, reserved 1058816K
  class space    used 1182K, capacity 1211K, committed 1280K, reserved 1048576K
}
Event: 4.052 GC heap before
{Heap before GC invocations=14 (full 0):
 PSYoungGen      total 7168K, used 7099K [0x0000000780300000, 0x0000000781000000, 0x00000007c0000000)
  eden space 6144K, 100% used [0x0000000780300000,0x0000000780900000,0x0000000780900000)
  from space 1024K, 93% used [0x0000000780900000,0x00000007809eed18,0x0000000780a00000)
  to   space 1536K, 0% used [0x0000000780e80000,0x0000000780e80000,0x0000000781000000)
 ParOldGen       total 195072K, used 2555K [0x0000000700800000, 0x000000070c680000, 0x0000000780300000)
  object space 195072K, 1% used [0x0000000700800000,0x0000000700a7eee8,0x000000070c680000)
 Metaspace       used 11992K, capacity 12092K, committed 12288K, reserved 1060864K
  class space    used 1497K, capacity 1533K, committed 1536K, reserved 1048576K
Event: 4.054 GC heap after
Heap after GC invocations=14 (full 0):
 PSYoungGen      total 11776K, used 1045K [0x0000000780300000, 0x0000000781000000, 0x00000007c0000000)
  eden space 10240K, 0% used [0x0000000780300000,0x0000000780300000,0x0000000780d00000)
  from space 1536K, 68% used [0x0000000780e80000,0x0000000780f85738,0x0000000781000000)
  to   space 1536K, 0% used [0x0000000780d00000,0x0000000780d00000,0x0000000780e80000)
 ParOldGen       total 195072K, used 2975K [0x0000000700800000, 0x000000070c680000, 0x0000000780300000)
  object space 195072K, 1% used [0x0000000700800000,0x0000000700ae7cc8,0x000000070c680000)
 Metaspace       used 11992K, capacity 12092K, committed 12288K, reserved 1060864K
  class space    used 1497K, capacity 1533K, committed 1536K, reserved 1048576K
}
Event: 4.319 GC heap before
{Heap before GC invocations=15 (full 0):
 PSYoungGen      total 11776K, used 11284K [0x0000000780300000, 0x0000000781000000, 0x00000007c0000000)
  eden space 10240K, 99% used [0x0000000780300000,0x0000000780cff8d8,0x0000000780d00000)
  from space 1536K, 68% used [0x0000000780e80000,0x0000000780f85738,0x0000000781000000)
  to   space 1536K, 0% used [0x0000000780d00000,0x0000000780d00000,0x0000000780e80000)
 ParOldGen       total 195072K, used 2975K [0x0000000700800000, 0x000000070c680000, 0x0000000780300000)
  object space 195072K, 1% used [0x0000000700800000,0x0000000700ae7cc8,0x000000070c680000)
 Metaspace       used 14914K, capacity 15066K, committed 15232K, reserved 1062912K
  class space    used 2005K, capacity 2050K, committed 2176K, reserved 1048576K
Event: 4.321 GC heap after
Heap after GC invocations=15 (full 0):
 PSYoungGen      total 11776K, used 1504K [0x0000000780300000, 0x0000000781800000, 0x00000007c0000000)
  eden space 10240K, 0% used [0x0000000780300000,0x0000000780300000,0x0000000780d00000)
  from space 1536K, 97% used [0x0000000780d00000,0x0000000780e78080,0x0000000780e80000)
  to   space 2560K, 0% used [0x0000000781580000,0x0000000781580000,0x0000000781800000)
 ParOldGen       total 195072K, used 5615K [0x0000000700800000, 0x000000070c680000, 0x0000000780300000)
  object space 195072K, 2% used [0x0000000700800000,0x0000000700d7bce8,0x000000070c680000)
 Metaspace       used 14914K, capacity 15066K, committed 15232K, reserved 1062912K
  class space    used 2005K, capacity 2050K, committed 2176K, reserved 1048576K
}
Event: 4.420 GC heap before
{Heap before GC invocations=16 (full 0):
 PSYoungGen      total 11776K, used 11744K [0x0000000780300000, 0x0000000781800000, 0x00000007c0000000)
  eden space 10240K, 100% used [0x0000000780300000,0x0000000780d00000,0x0000000780d00000)
  from space 1536K, 97% used [0x0000000780d00000,0x0000000780e78080,0x0000000780e80000)
  to   space 2560K, 0% used [0x0000000781580000,0x0000000781580000,0x0000000781800000)
 ParOldGen       total 195072K, used 5615K [0x0000000700800000, 0x000000070c680000, 0x0000000780300000)
  object space 195072K, 2% used [0x0000000700800000,0x0000000700d7bce8,0x000000070c680000)
 Metaspace       used 15725K, capacity 15840K, committed 16128K, reserved 1062912K
  class space    used 2128K, capacity 2179K, committed 2304K, reserved 1048576K
Event: 4.423 GC heap after
Heap after GC invocations=16 (full 0):
 PSYoungGen      total 18944K, used 783K [0x0000000780300000, 0x0000000781800000, 0x00000007c0000000)
  eden space 16384K, 0% used [0x0000000780300000,0x0000000780300000,0x0000000781300000)
  from space 2560K, 30% used [0x0000000781580000,0x0000000781643da0,0x0000000781800000)
  to   space 2560K, 0% used [0x0000000781300000,0x0000000781300000,0x0000000781580000)
 ParOldGen       total 195072K, used 18084K [0x0000000700800000, 0x000000070c680000, 0x0000000780300000)
  object space 195072K, 9% used [0x0000000700800000,0x00000007019a9358,0x000000070c680000)
 Metaspace       used 15725K, capacity 15840K, committed 16128K, reserved 1062912K
  class space    used 2128K, capacity 2179K, committed 2304K, reserved 1048576K
}

