# JRE version: Java(TM) SE Runtime Environment (8.0_05-b13) (build 1.8.0_05-b13)
# Java VM: Java HotSpot(TM) 64-Bit Server VM (25.5-b02 mixed mode windows-amd64 compressed oops)
Heap:
 PSYoungGen      total 18432K, used 4436K [0x0000000780300000, 0x0000000782200000, 0x00000007c0000000)
  eden space 16384K, 14% used [0x0000000780300000,0x0000000780564d68,0x0000000781300000)
  from space 2048K, 96% used [0x0000000781300000,0x00000007814f03c8,0x0000000781500000)
  to   space 2560K, 0% used [0x0000000781f80000,0x0000000781f80000,0x0000000782200000)
 ParOldGen       total 195072K, used 15647K [0x0000000700800000, 0x000000070c680000, 0x0000000780300000)
  object space 195072K, 8% used [0x0000000700800000,0x0000000701747f50,0x000000070c680000)
 Metaspace       used 18376K, capacity 18584K, committed 18816K, reserved 1064960K
  class space    used 2560K, capacity 2599K, committed 2688K, reserved 1048576K
GC Heap History (10 events):
Event: 0.409 GC heap before
{Heap before GC invocations=11 (full 0):
 PSYoungGen      total 7168K, used 7168K [0x0000000780300000, 0x0000000780c80000, 0x00000007c0000000)
  eden space 6144K, 100% used [0x0000000780300000,0x0000000780900000,0x0000000780900000)
  from space 1024K, 100% used [0x0000000780a80000,0x0000000780b80000,0x0000000780b80000)
  to   space 1536K, 0% used [0x0000000780900000,0x0000000780900000,0x0000000780a80000)
 ParOldGen       total 195072K, used 1636K [0x0000000700800000, 0x000000070c680000, 0x0000000780300000)
  object space 195072K, 0% used [0x0000000700800000,0x0000000700999088,0x000000070c680000)
 Metaspace       used 8815K, capacity 8918K, committed 9088K, reserved 1056768K
  class space    used 1094K, capacity 1115K, committed 1152K, reserved 1048576K
Event: 0.410 GC heap after
Heap after GC invocations=11 (full 0):
 PSYoungGen      total 7680K, used 656K [0x0000000780300000, 0x0000000781000000, 0x00000007c0000000)
  eden space 6144K, 0% used [0x0000000780300000,0x0000000780300000,0x0000000780900000)
  from space 1536K, 42% used [0x0000000780900000,0x00000007809a4010,0x0000000780a80000)
  to   space 1536K, 0% used [0x0000000780e80000,0x0000000780e80000,0x0000000781000000)
 ParOldGen       total 195072K, used 2550K [0x0000000700800000, 0x000000070c680000, 0x0000000780300000)
  object space 195072K, 1% used [0x0000000700800000,0x0000000700a7da10,0x000000070c680000)
 Metaspace       used 8815K, capacity 8918K, committed 9088K, reserved 1056768K
  class space    used 1094K, capacity 1115K, committed 1152K, reserved 1048576K
}
Event: 1.165 GC heap before
{Heap before GC invocations=12 (full 0):
 PSYoungGen      total 7680K, used 6800K [0x0000000780300000, 0x0000000781000000, 0x00000007c0000000)
  eden space 6144K, 100% used [0x0000000780300000,0x0000000780900000,0x0000000780900000)
  from space 1536K, 42% used [0x0000000780900000,0x00000007809a4010,0x0000000780a80000)
  to   space 1536K, 0% used [0x0000000780e80000,0x0000000780e80000,0x0000000781000000)
 ParOldGen       total 195072K, used 2550K [0x0000000700800000, 0x000000070c680000, 0x0000000780300000)
  object space 195072K, 1% used [0x0000000700800000,0x0000000700a7da10,0x000000070c680000)
 Metaspace       used 11313K, capacity 11420K, committed 11520K, reserved 1058816K
  class space    used 1407K, capacity 1437K, committed 1536K, reserved 1048576K
Event: 1.167 GC heap after
Heap after GC invocations=12 (full 0):
 PSYoungGen      total 11776K, used 1233K [0x0000000780300000, 0x0000000781000000, 0x00000007c0000000)
  eden space 10240K, 0% used [0x0000000780300000,0x0000000780300000,0x0000000780d00000)
  from space 1536K, 80% used [0x0000000780e80000,0x0000000780fb4438,0x0000000781000000)
  to   space 1536K, 0% used [0x0000000780d00000,0x0000000780d00000,0x0000000780e80000)
 ParOldGen       total 195072K, used 2766K [0x0000000700800000, 0x000000070c680000, 0x0000000780300000)
  object space 195072K, 1% used [0x0000000700800000,0x0000000700ab3a70,0x000000070c680000)
 Metaspace       used 11313K, capacity 11420K, committed 11520K, reserved 1058816K
  class space    used 1407K, capacity 1437K, committed 1536K, reserved 1048576K
}
Event: 1.549 GC heap before
{Heap before GC invocations=13 (full 0):
 PSYoungGen      total 11776K, used 11473K [0x0000000780300000, 0x0000000781000000, 0x00000007c0000000)
  eden space 10240K, 100% used [0x0000000780300000,0x0000000780d00000,0x0000000780d00000)
  from space 1536K, 80% used [0x0000000780e80000,0x0000000780fb4438,0x0000000781000000)
  to   space 1536K, 0% used [0x0000000780d00000,0x0000000780d00000,0x0000000780e80000)
 ParOldGen       total 195072K, used 2766K [0x0000000700800000, 0x000000070c680000, 0x0000000780300000)
  object space 195072K, 1% used [0x0000000700800000,0x0000000700ab3a70,0x000000070c680000)
 Metaspace       used 14670K, capacity 14830K, committed 15104K, reserved 1062912K
  class space    used 1954K, capacity 2016K, committed 2048K, reserved 1048576K
Event: 1.553 GC heap after
Heap after GC invocations=13 (full 0):
 PSYoungGen      total 11776K, used 1520K [0x0000000780300000, 0x0000000781700000, 0x00000007c0000000)
  eden space 10240K, 0% used [0x0000000780300000,0x0000000780300000,0x0000000780d00000)
  from space 1536K, 99% used [0x0000000780d00000,0x0000000780e7c300,0x0000000780e80000)
  to   space 2048K, 0% used [0x0000000781500000,0x0000000781500000,0x0000000781700000)
 ParOldGen       total 195072K, used 3427K [0x0000000700800000, 0x000000070c680000, 0x0000000780300000)
  object space 195072K, 1% used [0x0000000700800000,0x0000000700b58dc8,0x000000070c680000)
 Metaspace       used 14670K, capacity 14830K, committed 15104K, reserved 1062912K
  class space    used 1954K, capacity 2016K, committed 2048K, reserved 1048576K
}
Event: 1.754 GC heap before
{Heap before GC invocations=14 (full 0):
 PSYoungGen      total 11776K, used 11760K [0x0000000780300000, 0x0000000781700000, 0x00000007c0000000)
  eden space 10240K, 100% used [0x0000000780300000,0x0000000780d00000,0x0000000780d00000)
  from space 1536K, 99% used [0x0000000780d00000,0x0000000780e7c300,0x0000000780e80000)
  to   space 2048K, 0% used [0x0000000781500000,0x0000000781500000,0x0000000781700000)
 ParOldGen       total 195072K, used 3427K [0x0000000700800000, 0x000000070c680000, 0x0000000780300000)
  object space 195072K, 1% used [0x0000000700800000,0x0000000700b58dc8,0x000000070c680000)
 Metaspace       used 15619K, capacity 15744K, committed 16000K, reserved 1062912K
  class space    used 2104K, capacity 2147K, committed 2176K, reserved 1048576K
Event: 1.760 GC heap after
Heap after GC invocations=14 (full 0):
 PSYoungGen      total 18432K, used 1807K [0x0000000780300000, 0x0000000781700000, 0x00000007c0000000)
  eden space 16384K, 0% used [0x0000000780300000,0x0000000780300000,0x0000000781300000)
  from space 2048K, 88% used [0x0000000781500000,0x00000007816c3db0,0x0000000781700000)
  to   space 2048K, 0% used [0x0000000781300000,0x0000000781300000,0x0000000781500000)
 ParOldGen       total 195072K, used 12050K [0x0000000700800000, 0x000000070c680000, 0x0000000780300000)
  object space 195072K, 6% used [0x0000000700800000,0x00000007013c4868,0x000000070c680000)
 Metaspace       used 15619K, capacity 15744K, committed 16000K, reserved 1062912K
  class space    used 2104K, capacity 2147K, committed 2176K, reserved 1048576K
}
Event: 1.985 GC heap before
{Heap before GC invocations=15 (full 0):
 PSYoungGen      total 18432K, used 18191K [0x0000000780300000, 0x0000000781700000, 0x00000007c0000000)
  eden space 16384K, 100% used [0x0000000780300000,0x0000000781300000,0x0000000781300000)
  from space 2048K, 88% used [0x0000000781500000,0x00000007816c3db0,0x0000000781700000)
  to   space 2048K, 0% used [0x0000000781300000,0x0000000781300000,0x0000000781500000)
 ParOldGen       total 195072K, used 12050K [0x0000000700800000, 0x000000070c680000, 0x0000000780300000)
  object space 195072K, 6% used [0x0000000700800000,0x00000007013c4868,0x000000070c680000)
 Metaspace       used 17760K, capacity 17964K, committed 18304K, reserved 1064960K
  class space    used 2484K, capacity 2565K, committed 2688K, reserved 1048576K
Event: 1.988 GC heap after
Heap after GC invocations=15 (full 0):
 PSYoungGen      total 18432K, used 1984K [0x0000000780300000, 0x0000000782200000, 0x00000007c0000000)
  eden space 16384K, 0% used [0x0000000780300000,0x0000000780300000,0x0000000781300000)
  from space 2048K, 96% used [0x0000000781300000,0x00000007814f03c8,0x0000000781500000)
  to   space 2560K, 0% used [0x0000000781f80000,0x0000000781f80000,0x0000000782200000)
 ParOldGen       total 195072K, used 15647K [0x0000000700800000, 0x000000070c680000, 0x0000000780300000)
  object space 195072K, 8% used [0x0000000700800000,0x0000000701747f50,0x000000070c680000)
 Metaspace       used 17760K, capacity 17964K, committed 18304K, reserved 1064960K
  class space    used 2484K, capacity 2565K, committed 2688K, reserved 1048576K
}

