# JRE version: Java(TM) SE Runtime Environment (8.0_05-b13) (build 1.8.0_05-b13)
# Java VM: Java HotSpot(TM) 64-Bit Server VM (25.5-b02 mixed mode windows-amd64 compressed oops)
Heap:
 PSYoungGen      total 18432K, used 3950K [0x0000000780300000, 0x0000000782300000, 0x00000007c0000000)
  eden space 16384K, 11% used [0x0000000780300000,0x00000007804e3728,0x0000000781300000)
  from space 2048K, 98% used [0x0000000781300000,0x00000007814f8250,0x0000000781500000)
  to   space 3072K, 0% used [0x0000000782000000,0x0000000782000000,0x0000000782300000)
 ParOldGen       total 195072K, used 18548K [0x0000000700800000, 0x000000070c680000, 0x0000000780300000)
  object space 195072K, 9% used [0x0000000700800000,0x0000000701a1d398,0x000000070c680000)
 Metaspace       used 18189K, capacity 18380K, committed 18560K, reserved 1064960K
  class space    used 2535K, capacity 2597K, committed 2688K, reserved 1048576K
GC Heap History (10 events):
Event: 0.420 GC heap before
{Heap before GC invocations=11 (full 0):
 PSYoungGen      total 7168K, used 7168K [0x0000000780300000, 0x0000000780c80000, 0x00000007c0000000)
  eden space 6144K, 100% used [0x0000000780300000,0x0000000780900000,0x0000000780900000)
  from space 1024K, 100% used [0x0000000780a80000,0x0000000780b80000,0x0000000780b80000)
  to   space 1536K, 0% used [0x0000000780900000,0x0000000780900000,0x0000000780a80000)
 ParOldGen       total 195072K, used 1577K [0x0000000700800000, 0x000000070c680000, 0x0000000780300000)
  object space 195072K, 0% used [0x0000000700800000,0x000000070098a4a8,0x000000070c680000)
 Metaspace       used 8818K, capacity 8918K, committed 9088K, reserved 1056768K
  class space    used 1096K, capacity 1115K, committed 1152K, reserved 1048576K
Event: 0.422 GC heap after
Heap after GC invocations=11 (full 0):
 PSYoungGen      total 7680K, used 656K [0x0000000780300000, 0x0000000781000000, 0x00000007c0000000)
  eden space 6144K, 0% used [0x0000000780300000,0x0000000780300000,0x0000000780900000)
  from space 1536K, 42% used [0x0000000780900000,0x00000007809a4010,0x0000000780a80000)
  to   space 1536K, 0% used [0x0000000780e80000,0x0000000780e80000,0x0000000781000000)
 ParOldGen       total 195072K, used 2475K [0x0000000700800000, 0x000000070c680000, 0x0000000780300000)
  object space 195072K, 1% used [0x0000000700800000,0x0000000700a6ae30,0x000000070c680000)
 Metaspace       used 8818K, capacity 8918K, committed 9088K, reserved 1056768K
  class space    used 1096K, capacity 1115K, committed 1152K, reserved 1048576K
}
Event: 1.187 GC heap before
{Heap before GC invocations=12 (full 0):
 PSYoungGen      total 7680K, used 6800K [0x0000000780300000, 0x0000000781000000, 0x00000007c0000000)
  eden space 6144K, 100% used [0x0000000780300000,0x0000000780900000,0x0000000780900000)
  from space 1536K, 42% used [0x0000000780900000,0x00000007809a4010,0x0000000780a80000)
  to   space 1536K, 0% used [0x0000000780e80000,0x0000000780e80000,0x0000000781000000)
 ParOldGen       total 195072K, used 2475K [0x0000000700800000, 0x000000070c680000, 0x0000000780300000)
  object space 195072K, 1% used [0x0000000700800000,0x0000000700a6ae30,0x000000070c680000)
 Metaspace       used 11320K, capacity 11420K, committed 11520K, reserved 1058816K
  class space    used 1413K, capacity 1437K, committed 1536K, reserved 1048576K
Event: 1.190 GC heap after
Heap after GC invocations=12 (full 0):
 PSYoungGen      total 11776K, used 1199K [0x0000000780300000, 0x0000000781000000, 0x00000007c0000000)
  eden space 10240K, 0% used [0x0000000780300000,0x0000000780300000,0x0000000780d00000)
  from space 1536K, 78% used [0x0000000780e80000,0x0000000780fabe18,0x0000000781000000)
  to   space 1536K, 0% used [0x0000000780d00000,0x0000000780d00000,0x0000000780e80000)
 ParOldGen       total 195072K, used 2687K [0x0000000700800000, 0x000000070c680000, 0x0000000780300000)
  object space 195072K, 1% used [0x0000000700800000,0x0000000700a9fe80,0x000000070c680000)
 Metaspace       used 11320K, capacity 11420K, committed 11520K, reserved 1058816K
  class space    used 1413K, capacity 1437K, committed 1536K, reserved 1048576K
}
Event: 1.441 GC heap before
{Heap before GC invocations=13 (full 0):
 PSYoungGen      total 11776K, used 11439K [0x0000000780300000, 0x0000000781000000, 0x00000007c0000000)
  eden space 10240K, 100% used [0x0000000780300000,0x0000000780d00000,0x0000000780d00000)
  from space 1536K, 78% used [0x0000000780e80000,0x0000000780fabe18,0x0000000781000000)
  to   space 1536K, 0% used [0x0000000780d00000,0x0000000780d00000,0x0000000780e80000)
 ParOldGen       total 195072K, used 2687K [0x0000000700800000, 0x000000070c680000, 0x0000000780300000)
  object space 195072K, 1% used [0x0000000700800000,0x0000000700a9fe80,0x000000070c680000)
 Metaspace       used 14681K, capacity 14830K, committed 15104K, reserved 1062912K
  class space    used 1961K, capacity 2016K, committed 2048K, reserved 1048576K
Event: 1.443 GC heap after
Heap after GC invocations=13 (full 0):
 PSYoungGen      total 11776K, used 1526K [0x0000000780300000, 0x0000000781700000, 0x00000007c0000000)
  eden space 10240K, 0% used [0x0000000780300000,0x0000000780300000,0x0000000780d00000)
  from space 1536K, 99% used [0x0000000780d00000,0x0000000780e7db30,0x0000000780e80000)
  to   space 2048K, 0% used [0x0000000781500000,0x0000000781500000,0x0000000781700000)
 ParOldGen       total 195072K, used 3375K [0x0000000700800000, 0x000000070c680000, 0x0000000780300000)
  object space 195072K, 1% used [0x0000000700800000,0x0000000700b4bc88,0x000000070c680000)
 Metaspace       used 14681K, capacity 14830K, committed 15104K, reserved 1062912K
  class space    used 1961K, capacity 2016K, committed 2048K, reserved 1048576K
}
Event: 1.570 GC heap before
{Heap before GC invocations=14 (full 0):
 PSYoungGen      total 11776K, used 11766K [0x0000000780300000, 0x0000000781700000, 0x00000007c0000000)
  eden space 10240K, 100% used [0x0000000780300000,0x0000000780d00000,0x0000000780d00000)
  from space 1536K, 99% used [0x0000000780d00000,0x0000000780e7db30,0x0000000780e80000)
  to   space 2048K, 0% used [0x0000000781500000,0x0000000781500000,0x0000000781700000)
 ParOldGen       total 195072K, used 3375K [0x0000000700800000, 0x000000070c680000, 0x0000000780300000)
  object space 195072K, 1% used [0x0000000700800000,0x0000000700b4bc88,0x000000070c680000)
 Metaspace       used 15630K, capacity 15744K, committed 16000K, reserved 1062912K
  class space    used 2110K, capacity 2147K, committed 2176K, reserved 1048576K
Event: 1.574 GC heap after
Heap after GC invocations=14 (full 0):
 PSYoungGen      total 18432K, used 1839K [0x0000000780300000, 0x0000000781700000, 0x00000007c0000000)
  eden space 16384K, 0% used [0x0000000780300000,0x0000000780300000,0x0000000781300000)
  from space 2048K, 89% used [0x0000000781500000,0x00000007816cbdb0,0x0000000781700000)
  to   space 2048K, 0% used [0x0000000781300000,0x0000000781300000,0x0000000781500000)
 ParOldGen       total 195072K, used 16976K [0x0000000700800000, 0x000000070c680000, 0x0000000780300000)
  object space 195072K, 8% used [0x0000000700800000,0x0000000701894308,0x000000070c680000)
 Metaspace       used 15630K, capacity 15744K, committed 16000K, reserved 1062912K
  class space    used 2110K, capacity 2147K, committed 2176K, reserved 1048576K
}
Event: 1.669 GC heap before
{Heap before GC invocations=15 (full 0):
 PSYoungGen      total 18432K, used 18223K [0x0000000780300000, 0x0000000781700000, 0x00000007c0000000)
  eden space 16384K, 100% used [0x0000000780300000,0x0000000781300000,0x0000000781300000)
  from space 2048K, 89% used [0x0000000781500000,0x00000007816cbdb0,0x0000000781700000)
  to   space 2048K, 0% used [0x0000000781300000,0x0000000781300000,0x0000000781500000)
 ParOldGen       total 195072K, used 16976K [0x0000000700800000, 0x000000070c680000, 0x0000000780300000)
  object space 195072K, 8% used [0x0000000700800000,0x0000000701894320,0x000000070c680000)
 Metaspace       used 17701K, capacity 17868K, committed 18176K, reserved 1064960K
  class space    used 2473K, capacity 2533K, committed 2560K, reserved 1048576K
Event: 1.671 GC heap after
Heap after GC invocations=15 (full 0):
 PSYoungGen      total 18432K, used 2016K [0x0000000780300000, 0x0000000782300000, 0x00000007c0000000)
  eden space 16384K, 0% used [0x0000000780300000,0x0000000780300000,0x0000000781300000)
  from space 2048K, 98% used [0x0000000781300000,0x00000007814f8250,0x0000000781500000)
  to   space 3072K, 0% used [0x0000000782000000,0x0000000782000000,0x0000000782300000)
 ParOldGen       total 195072K, used 18548K [0x0000000700800000, 0x000000070c680000, 0x0000000780300000)
  object space 195072K, 9% used [0x0000000700800000,0x0000000701a1d398,0x000000070c680000)
 Metaspace       used 17701K, capacity 17868K, committed 18176K, reserved 1064960K
  class space    used 2473K, capacity 2533K, committed 2560K, reserved 1048576K
}

