# JRE version: Java(TM) SE Runtime Environment (8.0_05-b13) (build 1.8.0_05-b13)
# Java VM: Java HotSpot(TM) 64-Bit Server VM (25.5-b02 mixed mode windows-amd64 compressed oops)
Heap:
 PSYoungGen      total 21504K, used 17577K [0x0000000780300000, 0x0000000781a80000, 0x00000007c0000000)
  eden space 18944K, 83% used [0x0000000780300000,0x00000007812668e0,0x0000000781580000)
  from space 2560K, 70% used [0x0000000781800000,0x00000007819c3db0,0x0000000781a80000)
  to   space 2560K, 0% used [0x0000000781580000,0x0000000781580000,0x0000000781800000)
 ParOldGen       total 195072K, used 15989K [0x0000000700800000, 0x000000070c680000, 0x0000000780300000)
  object space 195072K, 8% used [0x0000000700800000,0x000000070179d6c0,0x000000070c680000)
 Metaspace       used 18188K, capacity 18364K, committed 18816K, reserved 1064960K
  class space    used 2532K, capacity 2565K, committed 2688K, reserved 1048576K
GC Heap History (10 events):
Event: 0.288 GC heap before
{Heap before GC invocations=8 (full 0):
 PSYoungGen      total 5120K, used 4512K [0x0000000780300000, 0x0000000780d00000, 0x00000007c0000000)
  eden space 3584K, 100% used [0x0000000780300000,0x0000000780680000,0x0000000780680000)
  from space 1536K, 60% used [0x0000000780680000,0x0000000780768000,0x0000000780800000)
  to   space 1536K, 0% used [0x0000000780b80000,0x0000000780b80000,0x0000000780d00000)
 ParOldGen       total 195072K, used 1115K [0x0000000700800000, 0x000000070c680000, 0x0000000780300000)
  object space 195072K, 0% used [0x0000000700800000,0x0000000700916eb8,0x000000070c680000)
 Metaspace       used 7638K, capacity 7750K, committed 7936K, reserved 1056768K
  class space    used 908K, capacity 955K, committed 1024K, reserved 1048576K
Event: 0.289 GC heap after
Heap after GC invocations=8 (full 0):
 PSYoungGen      total 8704K, used 1184K [0x0000000780300000, 0x0000000780d00000, 0x00000007c0000000)
  eden space 7168K, 0% used [0x0000000780300000,0x0000000780300000,0x0000000780a00000)
  from space 1536K, 77% used [0x0000000780b80000,0x0000000780ca8000,0x0000000780d00000)
  to   space 1536K, 0% used [0x0000000780a00000,0x0000000780a00000,0x0000000780b80000)
 ParOldGen       total 195072K, used 1371K [0x0000000700800000, 0x000000070c680000, 0x0000000780300000)
  object space 195072K, 0% used [0x0000000700800000,0x0000000700956eb8,0x000000070c680000)
 Metaspace       used 7638K, capacity 7750K, committed 7936K, reserved 1056768K
  class space    used 908K, capacity 955K, committed 1024K, reserved 1048576K
}
Event: 0.340 GC heap before
{Heap before GC invocations=9 (full 0):
 PSYoungGen      total 8704K, used 8352K [0x0000000780300000, 0x0000000780d00000, 0x00000007c0000000)
  eden space 7168K, 100% used [0x0000000780300000,0x0000000780a00000,0x0000000780a00000)
  from space 1536K, 77% used [0x0000000780b80000,0x0000000780ca8000,0x0000000780d00000)
  to   space 1536K, 0% used [0x0000000780a00000,0x0000000780a00000,0x0000000780b80000)
 ParOldGen       total 195072K, used 1371K [0x0000000700800000, 0x000000070c680000, 0x0000000780300000)
  object space 195072K, 0% used [0x0000000700800000,0x0000000700956eb8,0x000000070c680000)
 Metaspace       used 8506K, capacity 8614K, committed 8832K, reserved 1056768K
  class space    used 1053K, capacity 1115K, committed 1152K, reserved 1048576K
Event: 0.341 GC heap after
Heap after GC invocations=9 (full 0):
 PSYoungGen      total 8704K, used 1509K [0x0000000780300000, 0x0000000781280000, 0x00000007c0000000)
  eden space 7168K, 0% used [0x0000000780300000,0x0000000780300000,0x0000000780a00000)
  from space 1536K, 98% used [0x0000000780a00000,0x0000000780b79520,0x0000000780b80000)
  to   space 2048K, 0% used [0x0000000781080000,0x0000000781080000,0x0000000781280000)
 ParOldGen       total 195072K, used 1633K [0x0000000700800000, 0x000000070c680000, 0x0000000780300000)
  object space 195072K, 0% used [0x0000000700800000,0x0000000700998648,0x000000070c680000)
 Metaspace       used 8506K, capacity 8614K, committed 8832K, reserved 1056768K
  class space    used 1053K, capacity 1115K, committed 1152K, reserved 1048576K
}
Event: 1.037 GC heap before
{Heap before GC invocations=10 (full 0):
 PSYoungGen      total 8704K, used 8677K [0x0000000780300000, 0x0000000781280000, 0x00000007c0000000)
  eden space 7168K, 100% used [0x0000000780300000,0x0000000780a00000,0x0000000780a00000)
  from space 1536K, 98% used [0x0000000780a00000,0x0000000780b79520,0x0000000780b80000)
  to   space 2048K, 0% used [0x0000000781080000,0x0000000781080000,0x0000000781280000)
 ParOldGen       total 195072K, used 1633K [0x0000000700800000, 0x000000070c680000, 0x0000000780300000)
  object space 195072K, 0% used [0x0000000700800000,0x0000000700998648,0x000000070c680000)
 Metaspace       used 11315K, capacity 11436K, committed 11776K, reserved 1058816K
  class space    used 1408K, capacity 1437K, committed 1536K, reserved 1048576K
Event: 1.039 GC heap after
Heap after GC invocations=10 (full 0):
 PSYoungGen      total 13824K, used 1746K [0x0000000780300000, 0x0000000781280000, 0x00000007c0000000)
  eden space 11776K, 0% used [0x0000000780300000,0x0000000780300000,0x0000000780e80000)
  from space 2048K, 85% used [0x0000000781080000,0x0000000781234a08,0x0000000781280000)
  to   space 2048K, 0% used [0x0000000780e80000,0x0000000780e80000,0x0000000781080000)
 ParOldGen       total 195072K, used 2395K [0x0000000700800000, 0x000000070c680000, 0x0000000780300000)
  object space 195072K, 1% used [0x0000000700800000,0x0000000700a56c98,0x000000070c680000)
 Metaspace       used 11315K, capacity 11436K, committed 11776K, reserved 1058816K
  class space    used 1408K, capacity 1437K, committed 1536K, reserved 1048576K
}
Event: 1.232 GC heap before
{Heap before GC invocations=11 (full 0):
 PSYoungGen      total 13824K, used 12857K [0x0000000780300000, 0x0000000781280000, 0x00000007c0000000)
  eden space 11776K, 94% used [0x0000000780300000,0x0000000780dd9ab0,0x0000000780e80000)
  from space 2048K, 85% used [0x0000000781080000,0x0000000781234a08,0x0000000781280000)
  to   space 2048K, 0% used [0x0000000780e80000,0x0000000780e80000,0x0000000781080000)
 ParOldGen       total 195072K, used 2395K [0x0000000700800000, 0x000000070c680000, 0x0000000780300000)
  object space 195072K, 1% used [0x0000000700800000,0x0000000700a56c98,0x000000070c680000)
 Metaspace       used 14928K, capacity 15082K, committed 15488K, reserved 1062912K
  class space    used 2002K, capacity 2050K, committed 2176K, reserved 1048576K
Event: 1.235 GC heap after
Heap after GC invocations=11 (full 0):
 PSYoungGen      total 13824K, used 1767K [0x0000000780300000, 0x0000000781a80000, 0x00000007c0000000)
  eden space 11776K, 0% used [0x0000000780300000,0x0000000780300000,0x0000000780e80000)
  from space 2048K, 86% used [0x0000000780e80000,0x0000000781039eb0,0x0000000781080000)
  to   space 2560K, 0% used [0x0000000781800000,0x0000000781800000,0x0000000781a80000)
 ParOldGen       total 195072K, used 3324K [0x0000000700800000, 0x000000070c680000, 0x0000000780300000)
  object space 195072K, 1% used [0x0000000700800000,0x0000000700b3f040,0x000000070c680000)
 Metaspace       used 14928K, capacity 15082K, committed 15488K, reserved 1062912K
  class space    used 2002K, capacity 2050K, committed 2176K, reserved 1048576K
}
Event: 1.332 GC heap before
{Heap before GC invocations=12 (full 0):
 PSYoungGen      total 13824K, used 13543K [0x0000000780300000, 0x0000000781a80000, 0x00000007c0000000)
  eden space 11776K, 100% used [0x0000000780300000,0x0000000780e80000,0x0000000780e80000)
  from space 2048K, 86% used [0x0000000780e80000,0x0000000781039eb0,0x0000000781080000)
  to   space 2560K, 0% used [0x0000000781800000,0x0000000781800000,0x0000000781a80000)
 ParOldGen       total 195072K, used 3324K [0x0000000700800000, 0x000000070c680000, 0x0000000780300000)
  object space 195072K, 1% used [0x0000000700800000,0x0000000700b3f040,0x000000070c680000)
 Metaspace       used 15766K, capacity 15920K, committed 16384K, reserved 1062912K
  class space    used 2130K, capacity 2179K, committed 2304K, reserved 1048576K
Event: 1.335 GC heap after
Heap after GC invocations=12 (full 0):
 PSYoungGen      total 21504K, used 1807K [0x0000000780300000, 0x0000000781a80000, 0x00000007c0000000)
  eden space 18944K, 0% used [0x0000000780300000,0x0000000780300000,0x0000000781580000)
  from space 2560K, 70% used [0x0000000781800000,0x00000007819c3db0,0x0000000781a80000)
  to   space 2560K, 0% used [0x0000000781580000,0x0000000781580000,0x0000000781800000)
 ParOldGen       total 195072K, used 15989K [0x0000000700800000, 0x000000070c680000, 0x0000000780300000)
  object space 195072K, 8% used [0x0000000700800000,0x000000070179d6c0,0x000000070c680000)
 Metaspace       used 15766K, capacity 15920K, committed 16384K, reserved 1062912K
  class space    used 2130K, capacity 2179K, committed 2304K, reserved 1048576K
}

