# JRE version: Java(TM) SE Runtime Environment (8.0_05-b13) (build 1.8.0_05-b13)
# Java VM: Java HotSpot(TM) 64-Bit Server VM (25.5-b02 mixed mode windows-amd64 compressed oops)
Heap:
 PSYoungGen      total 18432K, used 3588K [0x0000000780300000, 0x0000000782500000, 0x00000007c0000000)
  eden space 16384K, 9% used [0x0000000780300000,0x0000000780484080,0x0000000781300000)
  from space 2048K, 99% used [0x0000000781300000,0x00000007814fcf90,0x0000000781500000)
  to   space 4096K, 0% used [0x0000000782100000,0x0000000782100000,0x0000000782500000)
 ParOldGen       total 195072K, used 19720K [0x0000000700800000, 0x000000070c680000, 0x0000000780300000)
  object space 195072K, 10% used [0x0000000700800000,0x0000000701b42128,0x000000070c680000)
 Metaspace       used 18274K, capacity 18444K, committed 18816K, reserved 1064960K
  class space    used 2547K, capacity 2597K, committed 2688K, reserved 1048576K
GC Heap History (10 events):
Event: 0.359 GC heap before
{Heap before GC invocations=11 (full 0):
 PSYoungGen      total 7168K, used 7168K [0x0000000780300000, 0x0000000780c80000, 0x00000007c0000000)
  eden space 6144K, 100% used [0x0000000780300000,0x0000000780900000,0x0000000780900000)
  from space 1024K, 100% used [0x0000000780a80000,0x0000000780b80000,0x0000000780b80000)
  to   space 1536K, 0% used [0x0000000780900000,0x0000000780900000,0x0000000780a80000)
 ParOldGen       total 195072K, used 1611K [0x0000000700800000, 0x000000070c680000, 0x0000000780300000)
  object space 195072K, 0% used [0x0000000700800000,0x0000000700992cc0,0x000000070c680000)
 Metaspace       used 8810K, capacity 8918K, committed 9088K, reserved 1056768K
  class space    used 1094K, capacity 1115K, committed 1152K, reserved 1048576K
Event: 0.360 GC heap after
Heap after GC invocations=11 (full 0):
 PSYoungGen      total 7680K, used 672K [0x0000000780300000, 0x0000000781000000, 0x00000007c0000000)
  eden space 6144K, 0% used [0x0000000780300000,0x0000000780300000,0x0000000780900000)
  from space 1536K, 43% used [0x0000000780900000,0x00000007809a8020,0x0000000780a80000)
  to   space 1536K, 0% used [0x0000000780e80000,0x0000000780e80000,0x0000000781000000)
 ParOldGen       total 195072K, used 2511K [0x0000000700800000, 0x000000070c680000, 0x0000000780300000)
  object space 195072K, 1% used [0x0000000700800000,0x0000000700a73fe8,0x000000070c680000)
 Metaspace       used 8810K, capacity 8918K, committed 9088K, reserved 1056768K
  class space    used 1094K, capacity 1115K, committed 1152K, reserved 1048576K
}
Event: 1.041 GC heap before
{Heap before GC invocations=12 (full 0):
 PSYoungGen      total 7680K, used 6816K [0x0000000780300000, 0x0000000781000000, 0x00000007c0000000)
  eden space 6144K, 100% used [0x0000000780300000,0x0000000780900000,0x0000000780900000)
  from space 1536K, 43% used [0x0000000780900000,0x00000007809a8020,0x0000000780a80000)
  to   space 1536K, 0% used [0x0000000780e80000,0x0000000780e80000,0x0000000781000000)
 ParOldGen       total 195072K, used 2511K [0x0000000700800000, 0x000000070c680000, 0x0000000780300000)
  object space 195072K, 1% used [0x0000000700800000,0x0000000700a73fe8,0x000000070c680000)
 Metaspace       used 11311K, capacity 11420K, committed 11520K, reserved 1058816K
  class space    used 1413K, capacity 1437K, committed 1536K, reserved 1048576K
Event: 1.043 GC heap after
Heap after GC invocations=12 (full 0):
 PSYoungGen      total 11776K, used 1251K [0x0000000780300000, 0x0000000781000000, 0x00000007c0000000)
  eden space 10240K, 0% used [0x0000000780300000,0x0000000780300000,0x0000000780d00000)
  from space 1536K, 81% used [0x0000000780e80000,0x0000000780fb8d88,0x0000000781000000)
  to   space 1536K, 0% used [0x0000000780d00000,0x0000000780d00000,0x0000000780e80000)
 ParOldGen       total 195072K, used 2736K [0x0000000700800000, 0x000000070c680000, 0x0000000780300000)
  object space 195072K, 1% used [0x0000000700800000,0x0000000700aac028,0x000000070c680000)
 Metaspace       used 11311K, capacity 11420K, committed 11520K, reserved 1058816K
  class space    used 1413K, capacity 1437K, committed 1536K, reserved 1048576K
}
Event: 1.224 GC heap before
{Heap before GC invocations=13 (full 0):
 PSYoungGen      total 11776K, used 11491K [0x0000000780300000, 0x0000000781000000, 0x00000007c0000000)
  eden space 10240K, 100% used [0x0000000780300000,0x0000000780d00000,0x0000000780d00000)
  from space 1536K, 81% used [0x0000000780e80000,0x0000000780fb8d88,0x0000000781000000)
  to   space 1536K, 0% used [0x0000000780d00000,0x0000000780d00000,0x0000000780e80000)
 ParOldGen       total 195072K, used 2736K [0x0000000700800000, 0x000000070c680000, 0x0000000780300000)
  object space 195072K, 1% used [0x0000000700800000,0x0000000700aac028,0x000000070c680000)
 Metaspace       used 14673K, capacity 14830K, committed 15104K, reserved 1062912K
  class space    used 1961K, capacity 2016K, committed 2048K, reserved 1048576K
Event: 1.226 GC heap after
Heap after GC invocations=13 (full 0):
 PSYoungGen      total 11776K, used 1511K [0x0000000780300000, 0x0000000781700000, 0x00000007c0000000)
  eden space 10240K, 0% used [0x0000000780300000,0x0000000780300000,0x0000000780d00000)
  from space 1536K, 98% used [0x0000000780d00000,0x0000000780e79e30,0x0000000780e80000)
  to   space 2048K, 0% used [0x0000000781500000,0x0000000781500000,0x0000000781700000)
 ParOldGen       total 195072K, used 3456K [0x0000000700800000, 0x000000070c680000, 0x0000000780300000)
  object space 195072K, 1% used [0x0000000700800000,0x0000000700b60228,0x000000070c680000)
 Metaspace       used 14673K, capacity 14830K, committed 15104K, reserved 1062912K
  class space    used 1961K, capacity 2016K, committed 2048K, reserved 1048576K
}
Event: 1.331 GC heap before
{Heap before GC invocations=14 (full 0):
 PSYoungGen      total 11776K, used 11751K [0x0000000780300000, 0x0000000781700000, 0x00000007c0000000)
  eden space 10240K, 100% used [0x0000000780300000,0x0000000780d00000,0x0000000780d00000)
  from space 1536K, 98% used [0x0000000780d00000,0x0000000780e79e30,0x0000000780e80000)
  to   space 2048K, 0% used [0x0000000781500000,0x0000000781500000,0x0000000781700000)
 ParOldGen       total 195072K, used 3456K [0x0000000700800000, 0x000000070c680000, 0x0000000780300000)
  object space 195072K, 1% used [0x0000000700800000,0x0000000700b60228,0x000000070c680000)
 Metaspace       used 15653K, capacity 15840K, committed 16128K, reserved 1062912K
  class space    used 2118K, capacity 2179K, committed 2304K, reserved 1048576K
Event: 1.335 GC heap after
Heap after GC invocations=14 (full 0):
 PSYoungGen      total 18432K, used 1775K [0x0000000780300000, 0x0000000781700000, 0x00000007c0000000)
  eden space 16384K, 0% used [0x0000000780300000,0x0000000780300000,0x0000000781300000)
  from space 2048K, 86% used [0x0000000781500000,0x00000007816bbdb0,0x0000000781700000)
  to   space 2048K, 0% used [0x0000000781300000,0x0000000781300000,0x0000000781500000)
 ParOldGen       total 195072K, used 16050K [0x0000000700800000, 0x000000070c680000, 0x0000000780300000)
  object space 195072K, 8% used [0x0000000700800000,0x00000007017ac898,0x000000070c680000)
 Metaspace       used 15653K, capacity 15840K, committed 16128K, reserved 1062912K
  class space    used 2118K, capacity 2179K, committed 2304K, reserved 1048576K
}
Event: 1.419 GC heap before
{Heap before GC invocations=15 (full 0):
 PSYoungGen      total 18432K, used 18159K [0x0000000780300000, 0x0000000781700000, 0x00000007c0000000)
  eden space 16384K, 100% used [0x0000000780300000,0x0000000781300000,0x0000000781300000)
  from space 2048K, 86% used [0x0000000781500000,0x00000007816bbdb0,0x0000000781700000)
  to   space 2048K, 0% used [0x0000000781300000,0x0000000781300000,0x0000000781500000)
 ParOldGen       total 195072K, used 16050K [0x0000000700800000, 0x000000070c680000, 0x0000000780300000)
  object space 195072K, 8% used [0x0000000700800000,0x00000007017ac898,0x000000070c680000)
 Metaspace       used 17794K, capacity 17932K, committed 18176K, reserved 1064960K
  class space    used 2486K, capacity 2533K, committed 2560K, reserved 1048576K
Event: 1.422 GC heap after
Heap after GC invocations=15 (full 0):
 PSYoungGen      total 18432K, used 2035K [0x0000000780300000, 0x0000000782500000, 0x00000007c0000000)
  eden space 16384K, 0% used [0x0000000780300000,0x0000000780300000,0x0000000781300000)
  from space 2048K, 99% used [0x0000000781300000,0x00000007814fcf90,0x0000000781500000)
  to   space 4096K, 0% used [0x0000000782100000,0x0000000782100000,0x0000000782500000)
 ParOldGen       total 195072K, used 19720K [0x0000000700800000, 0x000000070c680000, 0x0000000780300000)
  object space 195072K, 10% used [0x0000000700800000,0x0000000701b42128,0x000000070c680000)
 Metaspace       used 17794K, capacity 17932K, committed 18176K, reserved 1064960K
  class space    used 2486K, capacity 2533K, committed 2560K, reserved 1048576K
}

